<?xml version="1.0" encoding="UTF-8"?>
<robot generator="Robot 4.1.2 (Python 3.10.0 on win32)" generated="20211214 14:54:25.053" rpa="false" schemaversion="2">
<suite id="s1" name="Andre" source="C:\Users\Major\Desktop\CTD\Automação de Teste\Andre.robot">
<test id="s1-t1" name="Processo de compra da loja Sauce Demo">
<kw name="Abrir a loja" library="Andre">
<kw name="Open Browser" library="SeleniumLibrary">
<arg>${SITE}</arg>
<arg>${NAVEGADOR}</arg>
<doc>Opens a new browser instance to the optional ``url``.</doc>
<msg timestamp="20211214 14:54:25.558" level="INFO">Opening browser 'Chrome' to base url 'https://www.saucedemo.com/'.</msg>
<status status="PASS" starttime="20211214 14:54:25.557" endtime="20211214 14:54:28.433"/>
</kw>
<kw name="Maximize Browser Window" library="SeleniumLibrary">
<doc>Maximizes current browser window.</doc>
<status status="PASS" starttime="20211214 14:54:28.434" endtime="20211214 14:54:28.571"/>
</kw>
<kw name="Set Selenium Speed" library="SeleniumLibrary">
<arg>0.75</arg>
<doc>Sets the delay that is waited after each Selenium command.</doc>
<status status="PASS" starttime="20211214 14:54:28.571" endtime="20211214 14:54:28.571"/>
</kw>
<status status="PASS" starttime="20211214 14:54:25.555" endtime="20211214 14:54:28.572"/>
</kw>
<kw name="Fazer login" library="Andre">
<kw name="Input Text" library="SeleniumLibrary">
<arg>${CAMPO_LOGIN}</arg>
<arg>${LOGIN}</arg>
<doc>Types the given ``text`` into the text field identified by ``locator``.</doc>
<msg timestamp="20211214 14:54:28.574" level="INFO">Typing text 'standard_user' into text field 'css=#user-name'.</msg>
<status status="PASS" starttime="20211214 14:54:28.573" endtime="20211214 14:54:31.130"/>
</kw>
<kw name="Input Text" library="SeleniumLibrary">
<arg>${CAMPO_SENHA}</arg>
<arg>${SENHA}</arg>
<doc>Types the given ``text`` into the text field identified by ``locator``.</doc>
<msg timestamp="20211214 14:54:31.130" level="INFO">Typing text 'secret_sauce' into text field 'css=#password'.</msg>
<status status="PASS" starttime="20211214 14:54:31.130" endtime="20211214 14:54:33.614"/>
</kw>
<kw name="Click Element" library="SeleniumLibrary">
<arg>${BOTAO_LOGIN}</arg>
<doc>Click the element identified by ``locator``.</doc>
<msg timestamp="20211214 14:54:33.615" level="INFO">Clicking element 'css=#login-button'.</msg>
<status status="PASS" starttime="20211214 14:54:33.614" endtime="20211214 14:54:35.371"/>
</kw>
<status status="PASS" starttime="20211214 14:54:28.572" endtime="20211214 14:54:35.371"/>
</kw>
<kw name="Selecionar um produto e colocar no carrinho" library="Andre">
<kw name="Click Element" library="SeleniumLibrary">
<arg>${PRODUTO}</arg>
<doc>Click the element identified by ``locator``.</doc>
<msg timestamp="20211214 14:54:35.373" level="INFO">Clicking element 'css=#item_4_title_link &gt; div'.</msg>
<status status="PASS" starttime="20211214 14:54:35.373" endtime="20211214 14:54:36.992"/>
</kw>
<kw name="Click Element" library="SeleniumLibrary">
<arg>${ADICIONAR}</arg>
<doc>Click the element identified by ``locator``.</doc>
<msg timestamp="20211214 14:54:36.992" level="INFO">Clicking element 'css=#add-to-cart-sauce-labs-backpack'.</msg>
<status status="PASS" starttime="20211214 14:54:36.992" endtime="20211214 14:54:38.585"/>
</kw>
<status status="PASS" starttime="20211214 14:54:35.372" endtime="20211214 14:54:38.585"/>
</kw>
<kw name="Abrir o carrinho e fazer o checkout" library="Andre">
<kw name="Click Element" library="SeleniumLibrary">
<arg>${CARRINHO}</arg>
<doc>Click the element identified by ``locator``.</doc>
<msg timestamp="20211214 14:54:38.587" level="INFO">Clicking element 'css=#shopping_cart_container &gt; a'.</msg>
<status status="PASS" starttime="20211214 14:54:38.586" endtime="20211214 14:54:40.209"/>
</kw>
<kw name="Click Element" library="SeleniumLibrary">
<arg>${CHECKOUT}</arg>
<doc>Click the element identified by ``locator``.</doc>
<msg timestamp="20211214 14:54:40.209" level="INFO">Clicking element 'css=#checkout'.</msg>
<status status="PASS" starttime="20211214 14:54:40.209" endtime="20211214 14:54:41.811"/>
</kw>
<status status="PASS" starttime="20211214 14:54:38.586" endtime="20211214 14:54:41.811"/>
</kw>
<kw name="Preencher dados do cliente" library="Andre">
<kw name="Input Text" library="SeleniumLibrary">
<arg>${NOME}</arg>
<arg>André</arg>
<doc>Types the given ``text`` into the text field identified by ``locator``.</doc>
<msg timestamp="20211214 14:54:41.813" level="INFO">Typing text 'André' into text field 'css=#first-name'.</msg>
<status status="PASS" starttime="20211214 14:54:41.813" endtime="20211214 14:54:44.249"/>
</kw>
<kw name="Input Text" library="SeleniumLibrary">
<arg>${SOBRENOME}</arg>
<arg>Pedreschi</arg>
<doc>Types the given ``text`` into the text field identified by ``locator``.</doc>
<msg timestamp="20211214 14:54:44.250" level="INFO">Typing text 'Pedreschi' into text field 'css=#last-name'.</msg>
<status status="PASS" starttime="20211214 14:54:44.249" endtime="20211214 14:54:46.695"/>
</kw>
<kw name="Input Text" library="SeleniumLibrary">
<arg>${CEP}</arg>
<arg>000000000</arg>
<doc>Types the given ``text`` into the text field identified by ``locator``.</doc>
<msg timestamp="20211214 14:54:46.695" level="INFO">Typing text '000000000' into text field 'css=#postal-code'.</msg>
<status status="PASS" starttime="20211214 14:54:46.695" endtime="20211214 14:54:49.143"/>
</kw>
<kw name="Click Element" library="SeleniumLibrary">
<arg>${CONTINUE}</arg>
<doc>Click the element identified by ``locator``.</doc>
<msg timestamp="20211214 14:54:49.143" level="INFO">Clicking element 'css=#continue'.</msg>
<status status="PASS" starttime="20211214 14:54:49.143" endtime="20211214 14:54:50.781"/>
</kw>
<status status="PASS" starttime="20211214 14:54:41.813" endtime="20211214 14:54:50.781"/>
</kw>
<kw name="Confirmar valor total e finalizar compra" library="Andre">
<kw name="Element Should Contain" library="SeleniumLibrary">
<arg>${TOTAL}</arg>
<arg>${TEXTO}</arg>
<doc>Verifies that element ``locator`` contains text ``expected``.</doc>
<msg timestamp="20211214 14:54:52.326" level="INFO">Element 'css=#checkout_summary_container &gt; div &gt; div.summary_info &gt; div.summary_total_label' contains text '$32.39'.</msg>
<status status="PASS" starttime="20211214 14:54:50.781" endtime="20211214 14:54:52.326"/>
</kw>
<kw name="Click Element" library="SeleniumLibrary">
<arg>${FINISH}</arg>
<doc>Click the element identified by ``locator``.</doc>
<msg timestamp="20211214 14:54:52.327" level="INFO">Clicking element 'css=#finish'.</msg>
<status status="PASS" starttime="20211214 14:54:52.326" endtime="20211214 14:54:53.955"/>
</kw>
<status status="PASS" starttime="20211214 14:54:50.781" endtime="20211214 14:54:53.955"/>
</kw>
<kw name="Close Browser" library="SeleniumLibrary" type="TEARDOWN">
<doc>Closes the current browser.</doc>
<status status="PASS" starttime="20211214 14:54:53.956" endtime="20211214 14:54:56.916"/>
</kw>
<status status="PASS" starttime="20211214 14:54:25.553" endtime="20211214 14:54:56.917"/>
</test>
<status status="PASS" starttime="20211214 14:54:25.058" endtime="20211214 14:54:56.919"/>
</suite>
<statistics>
<total>
<stat pass="1" fail="0" skip="0">All Tests</stat>
</total>
<tag>
</tag>
<suite>
<stat pass="1" fail="0" skip="0" id="s1" name="Andre">Andre</stat>
</suite>
</statistics>
<errors>
</errors>
</robot>
