<?xml version="1.0" encoding="UTF-8"?>
<robot generator="Robot 5.0.1 (Python 3.9.13 on win32)" generated="20220706 21:45:34.052" rpa="false" schemaversion="3">
<suite id="s1" name="Andre" source="C:\Users\Andre Rabelo\Desktop\CTD\4 - Testing I\Automação de Teste\andre.robot">
<test id="s1-t1" name="Processo de compra da loja Sauce Demo" line="9">
<kw name="Abrir a loja" library="Andre">
<kw name="Open Browser" library="SeleniumLibrary">
<arg>${SITE}</arg>
<arg>${NAVEGADOR}</arg>
<doc>Opens a new browser instance to the optional ``url``.</doc>
<msg timestamp="20220706 21:45:34.600" level="INFO">Opening browser 'Chrome' to base url 'https://www.saucedemo.com/'.</msg>
<status status="PASS" starttime="20220706 21:45:34.599" endtime="20220706 21:45:38.901"/>
</kw>
<kw name="Maximize Browser Window" library="SeleniumLibrary">
<doc>Maximizes current browser window.</doc>
<status status="PASS" starttime="20220706 21:45:38.902" endtime="20220706 21:45:39.044"/>
</kw>
<kw name="Set Selenium Speed" library="SeleniumLibrary">
<arg>0.75</arg>
<doc>Sets the delay that is waited after each Selenium command.</doc>
<status status="PASS" starttime="20220706 21:45:39.045" endtime="20220706 21:45:39.045"/>
</kw>
<status status="PASS" starttime="20220706 21:45:34.598" endtime="20220706 21:45:39.045"/>
</kw>
<kw name="Fazer login" library="Andre">
<kw name="Input Text" library="SeleniumLibrary">
<arg>${CAMPO_LOGIN}</arg>
<arg>${LOGIN}</arg>
<doc>Types the given ``text`` into the text field identified by ``locator``.</doc>
<msg timestamp="20220706 21:45:39.048" level="INFO">Typing text 'standard_user' into text field 'css=#user-name'.</msg>
<status status="PASS" starttime="20220706 21:45:39.047" endtime="20220706 21:45:41.503"/>
</kw>
<kw name="Input Text" library="SeleniumLibrary">
<arg>${CAMPO_SENHA}</arg>
<arg>${SENHA}</arg>
<doc>Types the given ``text`` into the text field identified by ``locator``.</doc>
<msg timestamp="20220706 21:45:41.504" level="INFO">Typing text 'secret_sauce' into text field 'css=#password'.</msg>
<status status="PASS" starttime="20220706 21:45:41.503" endtime="20220706 21:45:43.935"/>
</kw>
<kw name="Click Element" library="SeleniumLibrary">
<arg>${BOTAO_LOGIN}</arg>
<doc>Click the element identified by ``locator``.</doc>
<msg timestamp="20220706 21:45:43.936" level="INFO">Clicking element 'css=#login-button'.</msg>
<status status="PASS" starttime="20220706 21:45:43.935" endtime="20220706 21:45:45.613"/>
</kw>
<status status="PASS" starttime="20220706 21:45:39.046" endtime="20220706 21:45:45.613"/>
</kw>
<kw name="Selecionar um produto e colocar no carrinho" library="Andre">
<kw name="Click Element" library="SeleniumLibrary">
<arg>${PRODUTO}</arg>
<doc>Click the element identified by ``locator``.</doc>
<msg timestamp="20220706 21:45:45.616" level="INFO">Clicking element 'css=#item_4_title_link &gt; div'.</msg>
<status status="PASS" starttime="20220706 21:45:45.615" endtime="20220706 21:45:47.228"/>
</kw>
<kw name="Click Element" library="SeleniumLibrary">
<arg>${ADICIONAR}</arg>
<doc>Click the element identified by ``locator``.</doc>
<msg timestamp="20220706 21:45:47.229" level="INFO">Clicking element 'css=#add-to-cart-sauce-labs-backpack'.</msg>
<status status="PASS" starttime="20220706 21:45:47.228" endtime="20220706 21:45:48.833"/>
</kw>
<status status="PASS" starttime="20220706 21:45:45.614" endtime="20220706 21:45:48.833"/>
</kw>
<kw name="Abrir o carrinho e fazer o checkout" library="Andre">
<kw name="Click Element" library="SeleniumLibrary">
<arg>${CARRINHO}</arg>
<doc>Click the element identified by ``locator``.</doc>
<msg timestamp="20220706 21:45:48.837" level="INFO">Clicking element 'css=#shopping_cart_container &gt; a'.</msg>
<status status="PASS" starttime="20220706 21:45:48.836" endtime="20220706 21:45:50.463"/>
</kw>
<kw name="Click Element" library="SeleniumLibrary">
<arg>${CHECKOUT}</arg>
<doc>Click the element identified by ``locator``.</doc>
<msg timestamp="20220706 21:45:50.464" level="INFO">Clicking element 'css=#checkout'.</msg>
<status status="PASS" starttime="20220706 21:45:50.463" endtime="20220706 21:45:52.082"/>
</kw>
<status status="PASS" starttime="20220706 21:45:48.835" endtime="20220706 21:45:52.084"/>
</kw>
<kw name="Preencher dados do cliente" library="Andre">
<kw name="Input Text" library="SeleniumLibrary">
<arg>${NOME}</arg>
<arg>André</arg>
<doc>Types the given ``text`` into the text field identified by ``locator``.</doc>
<msg timestamp="20220706 21:45:52.086" level="INFO">Typing text 'André' into text field 'css=#first-name'.</msg>
<status status="PASS" starttime="20220706 21:45:52.085" endtime="20220706 21:45:54.501"/>
</kw>
<kw name="Input Text" library="SeleniumLibrary">
<arg>${SOBRENOME}</arg>
<arg>Pedreschi</arg>
<doc>Types the given ``text`` into the text field identified by ``locator``.</doc>
<msg timestamp="20220706 21:45:54.502" level="INFO">Typing text 'Pedreschi' into text field 'css=#last-name'.</msg>
<status status="PASS" starttime="20220706 21:45:54.501" endtime="20220706 21:45:56.968"/>
</kw>
<kw name="Input Text" library="SeleniumLibrary">
<arg>${CEP}</arg>
<arg>000000000</arg>
<doc>Types the given ``text`` into the text field identified by ``locator``.</doc>
<msg timestamp="20220706 21:45:56.969" level="INFO">Typing text '000000000' into text field 'css=#postal-code'.</msg>
<status status="PASS" starttime="20220706 21:45:56.968" endtime="20220706 21:45:59.415"/>
</kw>
<kw name="Click Element" library="SeleniumLibrary">
<arg>${CONTINUE}</arg>
<doc>Click the element identified by ``locator``.</doc>
<msg timestamp="20220706 21:45:59.415" level="INFO">Clicking element 'css=#continue'.</msg>
<status status="PASS" starttime="20220706 21:45:59.415" endtime="20220706 21:46:01.087"/>
</kw>
<status status="PASS" starttime="20220706 21:45:52.084" endtime="20220706 21:46:01.088"/>
</kw>
<kw name="Confirmar valor total e finalizar compra" library="Andre">
<kw name="Element Should Contain" library="SeleniumLibrary">
<arg>${TOTAL}</arg>
<arg>${TEXTO}</arg>
<doc>Verifies that element ``locator`` contains text ``expected``.</doc>
<msg timestamp="20220706 21:46:02.649" level="INFO">Element 'css=#checkout_summary_container &gt; div &gt; div.summary_info &gt; div.summary_total_label' contains text '$32.39'.</msg>
<status status="PASS" starttime="20220706 21:46:01.090" endtime="20220706 21:46:02.649"/>
</kw>
<kw name="Click Element" library="SeleniumLibrary">
<arg>${FINISH}</arg>
<doc>Click the element identified by ``locator``.</doc>
<msg timestamp="20220706 21:46:02.650" level="INFO">Clicking element 'css=#finish'.</msg>
<status status="PASS" starttime="20220706 21:46:02.649" endtime="20220706 21:46:04.255"/>
</kw>
<kw name="Confirmar a compra">
<msg timestamp="20220706 21:46:04.263" level="FAIL">No keyword with name 'Confirmar a compra' found.</msg>
<status status="FAIL" starttime="20220706 21:46:04.262" endtime="20220706 21:46:04.263"/>
</kw>
<status status="FAIL" starttime="20220706 21:46:01.089" endtime="20220706 21:46:04.265"/>
</kw>
<kw name="Confirmar a compra">
<status status="NOT RUN" starttime="20220706 21:46:04.276" endtime="20220706 21:46:04.276"/>
</kw>
<kw name="Close Browser" library="SeleniumLibrary" type="TEARDOWN">
<doc>Closes the current browser.</doc>
<status status="PASS" starttime="20220706 21:46:04.277" endtime="20220706 21:46:07.273"/>
</kw>
<status status="FAIL" starttime="20220706 21:45:34.597" endtime="20220706 21:46:07.274">No keyword with name 'Confirmar a compra' found.</status>
</test>
<status status="FAIL" starttime="20220706 21:45:34.055" endtime="20220706 21:46:07.278"/>
</suite>
<statistics>
<total>
<stat pass="0" fail="1" skip="0">All Tests</stat>
</total>
<tag>
</tag>
<suite>
<stat pass="0" fail="1" skip="0" id="s1" name="Andre">Andre</stat>
</suite>
</statistics>
<errors>
</errors>
</robot>
