<?xml version="1.0" encoding="UTF-8"?>
<testsuite xmlns:xsi="http://www.w3.org/2001/XMLSchema-instance" xsi:noNamespaceSchemaLocation="https://maven.apache.org/surefire/maven-surefire-plugin/xsd/surefire-test-report-3.0.xsd" version="3.0" name="FuncionarioTest" time="0.004" tests="1" errors="0" skipped="0" failures="0">
  <properties>
[...]
</properties>
  <testcase name="Calculos" classname="FuncionarioTest" time="0.002">
    <system-out><![CDATA[
Gerado um recibo -- Funcionário Efetivo

Foi depositada uma quantia de: 14999.0

Gerado um recibo -- Funcionário Efetivo

Foi depositada uma quantia de: 40000.0
]]></system-out>
  </testcase>
</testsuite>