<?xml version="1.0" encoding="UTF-8"?>
<testsuite xmlns:xsi="http://www.w3.org/2001/XMLSchema-instance" xsi:noNamespaceSchemaLocation="https://maven.apache.org/surefire/maven-surefire-plugin/xsd/surefire-test-report-3.0.xsd" version="3.0" name="Pessoa2Test" time="0.012" tests="2" errors="0" skipped="0" failures="0">
  <properties>
[...]
</properties>
  <testcase name="imprimirObjetos" classname="Pessoa2Test" time="0.004">
    <system-out><![CDATA[Pessoa{nome='Ivo', sobrenome='Ganda', idade=2016-03-23}
Pessoa{nome='Ana', sobrenome='Musk', idade=1966-01-10}
Pessoa{nome='Joe', sobrenome='Sacadas', idade=2010-06-13}
Pessoa{nome='Rob', sobrenome='Varandas', idade=1986-05-11}
Pessoa{nome='Ted', sobrenome='Santos', idade=2014-04-10}
Pessoa{nome='Roberto', sobrenome='Silva', idade=2000-12-20}
Pessoa{nome='Renata', sobrenome='Gomes', idade=2010-08-23}
Pessoa{nome='Murilo', sobrenome='Seichas', idade=2015-09-22}
Pessoa{nome='Candido', sobrenome='Portinari', idade=1975-09-12}
Pessoa{nome='Camila', sobrenome='Pitanga', idade=2014-05-25}
]]></system-out>
  </testcase>
  <testcase name="adicionarColecao" classname="Pessoa2Test" time="0.003">
    <system-out><![CDATA[[Roberto]
[Candido]
]]></system-out>
  </testcase>
</testsuite>